C:\Users\wiljd\OneDrive\Desktop\Theory of Everything\.venv\Lib\site-packages\strawberryfields\backends\gaussianbackend\backend.py:216: UserWarning: Cannot simulate non-Gaussian states. Conditional state after Fock measurement has not been updated.
C:\Users\wiljd\OneDrive\Desktop\Theory of Everything\scripts\quantum_photonics\run_gbs.py:214: ComplexWarning: Casting complex values to real discards the imaginary part
C:\Users\wiljd\OneDrive\Desktop\Theory of Everything\.venv\Lib\site-packages\strawberryfields\backends\gaussianbackend\backend.py:216: UserWarning: Cannot simulate non-Gaussian states. Conditional state after Fock measurement has not been updated.
Traceback (most recent call last):
  File "<frozen runpy>", line 198, in _run_module_as_main
  File "<frozen runpy>", line 88, in _run_code
  File "C:\Users\wiljd\OneDrive\Desktop\Theory of Everything\scripts\quantum_photonics\run_gbs_threshold_sweep_highshots.py", line 25, in <module>
    samples_gauss = sample_gbs(modes=modes, squeezing=squeezing, U=U, backend='gaussian', shots=shots)
                    ^^^^^^^^^^^^^^^^^^^^^^^^^^^^^^^^^^^^^^^^^^^^^^^^^^^^^^^^^^^^^^^^^^^^^^^^^^^^^^^^^^
  File "C:\Users\wiljd\OneDrive\Desktop\Theory of Everything\scripts\quantum_photonics\run_gbs.py", line 84, in sample_gbs
    results = eng.run(prog, shots=shots)
              ^^^^^^^^^^^^^^^^^^^^^^^^^^
  File "C:\Users\wiljd\OneDrive\Desktop\Theory of Everything\.venv\Lib\site-packages\strawberryfields\engine.py", line 570, in run
    return super()._run(
           ^^^^^^^^^^^^^
  File "C:\Users\wiljd\OneDrive\Desktop\Theory of Everything\.venv\Lib\site-packages\strawberryfields\engine.py", line 306, in _run
    _, self.samples, self.samples_dict = self._run_program(p, **kwargs)
                                         ^^^^^^^^^^^^^^^^^^^^^^^^^^^^^^
  File "C:\Users\wiljd\OneDrive\Desktop\Theory of Everything\.venv\Lib\site-packages\strawberryfields\engine.py", line 430, in _run_program
    val = cmd.op.apply(cmd.reg, self.backend, **kwargs)
          ^^^^^^^^^^^^^^^^^^^^^^^^^^^^^^^^^^^^^^^^^^^^^
  File "C:\Users\wiljd\OneDrive\Desktop\Theory of Everything\.venv\Lib\site-packages\strawberryfields\ops.py", line 325, in apply
    values = super().apply(reg, backend, **kwargs)
             ^^^^^^^^^^^^^^^^^^^^^^^^^^^^^^^^^^^^^
  File "C:\Users\wiljd\OneDrive\Desktop\Theory of Everything\.venv\Lib\site-packages\strawberryfields\ops.py", line 228, in apply
    return self._apply(temp, backend, **kwargs)
           ^^^^^^^^^^^^^^^^^^^^^^^^^^^^^^^^^^^^
  File "C:\Users\wiljd\OneDrive\Desktop\Theory of Everything\.venv\Lib\site-packages\strawberryfields\ops.py", line 1179, in _apply
    samples = backend.measure_fock(reg, shots=shots, select=self.select, **kwargs)
              ^^^^^^^^^^^^^^^^^^^^^^^^^^^^^^^^^^^^^^^^^^^^^^^^^^^^^^^^^^^^^^^^^^^^
  File "C:\Users\wiljd\OneDrive\Desktop\Theory of Everything\.venv\Lib\site-packages\strawberryfields\backends\gaussianbackend\backend.py", line 233, in measure_fock
    samples = hafnian_sample_state(reduced_cov, shots)
              ^^^^^^^^^^^^^^^^^^^^^^^^^^^^^^^^^^^^^^^^
  File "C:\Users\wiljd\OneDrive\Desktop\Theory of Everything\.venv\Lib\site-packages\thewalrus\samples.py", line 367, in hafnian_sample_state
    return _hafnian_sample(params)
           ^^^^^^^^^^^^^^^^^^^^^^^
  File "C:\Users\wiljd\OneDrive\Desktop\Theory of Everything\.venv\Lib\site-packages\thewalrus\samples.py", line 313, in _hafnian_sample
    result = generate_hafnian_sample(
             ^^^^^^^^^^^^^^^^^^^^^^^^
  File "C:\Users\wiljd\OneDrive\Desktop\Theory of Everything\.venv\Lib\site-packages\thewalrus\samples.py", line 232, in generate_hafnian_sample
    cov = cov[np.ix_(oo, oo)]
              ^^^^^^^^^^^^^^
KeyboardInterrupt
